{"total": {"lines":{"total":315,"covered":274,"skipped":0,"pct":86.98},"statements":{"total":344,"covered":300,"skipped":0,"pct":87.2},"functions":{"total":55,"covered":46,"skipped":0,"pct":83.63},"branches":{"total":32,"covered":22,"skipped":0,"pct":68.75},"branchesTrue":{"total":0,"covered":0,"skipped":0,"pct":100}}
,"/home/thiago/DRIVEN/MODULOS/MODULO6/PROJETOS/AREA PROJETO 23/versao 2/projeto23-placar-premiado/jest.config.ts": {"lines":{"total":1,"covered":0,"skipped":0,"pct":0},"functions":{"total":0,"covered":0,"skipped":0,"pct":100},"statements":{"total":1,"covered":0,"skipped":0,"pct":0},"branches":{"total":0,"covered":0,"skipped":0,"pct":100}}
,"/home/thiago/DRIVEN/MODULOS/MODULO6/PROJETOS/AREA PROJETO 23/versao 2/projeto23-placar-premiado/src/app.ts": {"lines":{"total":11,"covered":11,"skipped":0,"pct":100},"functions":{"total":0,"covered":0,"skipped":0,"pct":100},"statements":{"total":11,"covered":11,"skipped":0,"pct":100},"branches":{"total":0,"covered":0,"skipped":0,"pct":100}}
,"/home/thiago/DRIVEN/MODULOS/MODULO6/PROJETOS/AREA PROJETO 23/versao 2/projeto23-placar-premiado/src/database.ts": {"lines":{"total":3,"covered":3,"skipped":0,"pct":100},"functions":{"total":0,"covered":0,"skipped":0,"pct":100},"statements":{"total":3,"covered":3,"skipped":0,"pct":100},"branches":{"total":0,"covered":0,"skipped":0,"pct":100}}
,"/home/thiago/DRIVEN/MODULOS/MODULO6/PROJETOS/AREA PROJETO 23/versao 2/projeto23-placar-premiado/src/server.ts": {"lines":{"total":5,"covered":0,"skipped":0,"pct":0},"functions":{"total":1,"covered":0,"skipped":0,"pct":0},"statements":{"total":6,"covered":0,"skipped":0,"pct":0},"branches":{"total":2,"covered":0,"skipped":0,"pct":0}}
,"/home/thiago/DRIVEN/MODULOS/MODULO6/PROJETOS/AREA PROJETO 23/versao 2/projeto23-placar-premiado/src/controllers/bets-controller.ts": {"lines":{"total":6,"covered":6,"skipped":0,"pct":100},"functions":{"total":1,"covered":1,"skipped":0,"pct":100},"statements":{"total":6,"covered":6,"skipped":0,"pct":100},"branches":{"total":0,"covered":0,"skipped":0,"pct":100}}
,"/home/thiago/DRIVEN/MODULOS/MODULO6/PROJETOS/AREA PROJETO 23/versao 2/projeto23-placar-premiado/src/controllers/games-controller.ts": {"lines":{"total":19,"covered":19,"skipped":0,"pct":100},"functions":{"total":4,"covered":4,"skipped":0,"pct":100},"statements":{"total":19,"covered":19,"skipped":0,"pct":100},"branches":{"total":0,"covered":0,"skipped":0,"pct":100}}
,"/home/thiago/DRIVEN/MODULOS/MODULO6/PROJETOS/AREA PROJETO 23/versao 2/projeto23-placar-premiado/src/controllers/participants-controller.ts": {"lines":{"total":10,"covered":8,"skipped":0,"pct":80},"functions":{"total":2,"covered":1,"skipped":0,"pct":50},"statements":{"total":10,"covered":8,"skipped":0,"pct":80},"branches":{"total":0,"covered":0,"skipped":0,"pct":100}}
,"/home/thiago/DRIVEN/MODULOS/MODULO6/PROJETOS/AREA PROJETO 23/versao 2/projeto23-placar-premiado/src/middlewares/handle-errors.ts": {"lines":{"total":6,"covered":5,"skipped":0,"pct":83.33},"functions":{"total":1,"covered":1,"skipped":0,"pct":100},"statements":{"total":7,"covered":6,"skipped":0,"pct":85.71},"branches":{"total":1,"covered":1,"skipped":0,"pct":100}}
,"/home/thiago/DRIVEN/MODULOS/MODULO6/PROJETOS/AREA PROJETO 23/versao 2/projeto23-placar-premiado/src/middlewares/validation-inputs.ts": {"lines":{"total":12,"covered":11,"skipped":0,"pct":91.66},"functions":{"total":5,"covered":4,"skipped":0,"pct":80},"statements":{"total":13,"covered":12,"skipped":0,"pct":92.3},"branches":{"total":2,"covered":2,"skipped":0,"pct":100}}
,"/home/thiago/DRIVEN/MODULOS/MODULO6/PROJETOS/AREA PROJETO 23/versao 2/projeto23-placar-premiado/src/protocols/index.ts": {"lines":{"total":4,"covered":0,"skipped":0,"pct":0},"functions":{"total":0,"covered":0,"skipped":0,"pct":100},"statements":{"total":4,"covered":0,"skipped":0,"pct":0},"branches":{"total":0,"covered":0,"skipped":0,"pct":100}}
,"/home/thiago/DRIVEN/MODULOS/MODULO6/PROJETOS/AREA PROJETO 23/versao 2/projeto23-placar-premiado/src/repositories/bets-repository.ts": {"lines":{"total":10,"covered":8,"skipped":0,"pct":80},"functions":{"total":3,"covered":2,"skipped":0,"pct":66.66},"statements":{"total":10,"covered":8,"skipped":0,"pct":80},"branches":{"total":0,"covered":0,"skipped":0,"pct":100}}
,"/home/thiago/DRIVEN/MODULOS/MODULO6/PROJETOS/AREA PROJETO 23/versao 2/projeto23-placar-premiado/src/repositories/games-repository.ts": {"lines":{"total":16,"covered":16,"skipped":0,"pct":100},"functions":{"total":5,"covered":5,"skipped":0,"pct":100},"statements":{"total":16,"covered":16,"skipped":0,"pct":100},"branches":{"total":0,"covered":0,"skipped":0,"pct":100}}
,"/home/thiago/DRIVEN/MODULOS/MODULO6/PROJETOS/AREA PROJETO 23/versao 2/projeto23-placar-premiado/src/repositories/index.ts": {"lines":{"total":3,"covered":3,"skipped":0,"pct":100},"functions":{"total":0,"covered":0,"skipped":0,"pct":100},"statements":{"total":3,"covered":3,"skipped":0,"pct":100},"branches":{"total":0,"covered":0,"skipped":0,"pct":100}}
,"/home/thiago/DRIVEN/MODULOS/MODULO6/PROJETOS/AREA PROJETO 23/versao 2/projeto23-placar-premiado/src/repositories/participants-repository.ts": {"lines":{"total":15,"covered":12,"skipped":0,"pct":80},"functions":{"total":5,"covered":3,"skipped":0,"pct":60},"statements":{"total":15,"covered":12,"skipped":0,"pct":80},"branches":{"total":0,"covered":0,"skipped":0,"pct":100}}
,"/home/thiago/DRIVEN/MODULOS/MODULO6/PROJETOS/AREA PROJETO 23/versao 2/projeto23-placar-premiado/src/routes/bets-route.ts": {"lines":{"total":7,"covered":7,"skipped":0,"pct":100},"functions":{"total":0,"covered":0,"skipped":0,"pct":100},"statements":{"total":7,"covered":7,"skipped":0,"pct":100},"branches":{"total":0,"covered":0,"skipped":0,"pct":100}}
,"/home/thiago/DRIVEN/MODULOS/MODULO6/PROJETOS/AREA PROJETO 23/versao 2/projeto23-placar-premiado/src/routes/games-route.ts": {"lines":{"total":7,"covered":7,"skipped":0,"pct":100},"functions":{"total":0,"covered":0,"skipped":0,"pct":100},"statements":{"total":7,"covered":7,"skipped":0,"pct":100},"branches":{"total":0,"covered":0,"skipped":0,"pct":100}}
,"/home/thiago/DRIVEN/MODULOS/MODULO6/PROJETOS/AREA PROJETO 23/versao 2/projeto23-placar-premiado/src/routes/health-route.ts": {"lines":{"total":6,"covered":6,"skipped":0,"pct":100},"functions":{"total":1,"covered":1,"skipped":0,"pct":100},"statements":{"total":6,"covered":6,"skipped":0,"pct":100},"branches":{"total":0,"covered":0,"skipped":0,"pct":100}}
,"/home/thiago/DRIVEN/MODULOS/MODULO6/PROJETOS/AREA PROJETO 23/versao 2/projeto23-placar-premiado/src/routes/index-route.ts": {"lines":{"total":8,"covered":8,"skipped":0,"pct":100},"functions":{"total":0,"covered":0,"skipped":0,"pct":100},"statements":{"total":8,"covered":8,"skipped":0,"pct":100},"branches":{"total":0,"covered":0,"skipped":0,"pct":100}}
,"/home/thiago/DRIVEN/MODULOS/MODULO6/PROJETOS/AREA PROJETO 23/versao 2/projeto23-placar-premiado/src/routes/participants-route.ts": {"lines":{"total":7,"covered":7,"skipped":0,"pct":100},"functions":{"total":0,"covered":0,"skipped":0,"pct":100},"statements":{"total":7,"covered":7,"skipped":0,"pct":100},"branches":{"total":0,"covered":0,"skipped":0,"pct":100}}
,"/home/thiago/DRIVEN/MODULOS/MODULO6/PROJETOS/AREA PROJETO 23/versao 2/projeto23-placar-premiado/src/schemas/bets-schemas.ts": {"lines":{"total":2,"covered":2,"skipped":0,"pct":100},"functions":{"total":0,"covered":0,"skipped":0,"pct":100},"statements":{"total":2,"covered":2,"skipped":0,"pct":100},"branches":{"total":0,"covered":0,"skipped":0,"pct":100}}
,"/home/thiago/DRIVEN/MODULOS/MODULO6/PROJETOS/AREA PROJETO 23/versao 2/projeto23-placar-premiado/src/schemas/game-schemas.ts": {"lines":{"total":4,"covered":4,"skipped":0,"pct":100},"functions":{"total":0,"covered":0,"skipped":0,"pct":100},"statements":{"total":4,"covered":4,"skipped":0,"pct":100},"branches":{"total":0,"covered":0,"skipped":0,"pct":100}}
,"/home/thiago/DRIVEN/MODULOS/MODULO6/PROJETOS/AREA PROJETO 23/versao 2/projeto23-placar-premiado/src/schemas/index.ts": {"lines":{"total":3,"covered":3,"skipped":0,"pct":100},"functions":{"total":0,"covered":0,"skipped":0,"pct":100},"statements":{"total":3,"covered":3,"skipped":0,"pct":100},"branches":{"total":0,"covered":0,"skipped":0,"pct":100}}
,"/home/thiago/DRIVEN/MODULOS/MODULO6/PROJETOS/AREA PROJETO 23/versao 2/projeto23-placar-premiado/src/schemas/participants-schemas.ts": {"lines":{"total":2,"covered":2,"skipped":0,"pct":100},"functions":{"total":0,"covered":0,"skipped":0,"pct":100},"statements":{"total":2,"covered":2,"skipped":0,"pct":100},"branches":{"total":0,"covered":0,"skipped":0,"pct":100}}
,"/home/thiago/DRIVEN/MODULOS/MODULO6/PROJETOS/AREA PROJETO 23/versao 2/projeto23-placar-premiado/src/services/bets-services.ts": {"lines":{"total":18,"covered":18,"skipped":0,"pct":100},"functions":{"total":1,"covered":1,"skipped":0,"pct":100},"statements":{"total":23,"covered":22,"skipped":0,"pct":95.65},"branches":{"total":7,"covered":5,"skipped":0,"pct":71.42}}
,"/home/thiago/DRIVEN/MODULOS/MODULO6/PROJETOS/AREA PROJETO 23/versao 2/projeto23-placar-premiado/src/services/games-services.ts": {"lines":{"total":53,"covered":36,"skipped":0,"pct":67.92},"functions":{"total":6,"covered":6,"skipped":0,"pct":100},"statements":{"total":60,"covered":42,"skipped":0,"pct":70},"branches":{"total":7,"covered":2,"skipped":0,"pct":28.57}}
,"/home/thiago/DRIVEN/MODULOS/MODULO6/PROJETOS/AREA PROJETO 23/versao 2/projeto23-placar-premiado/src/services/index.ts": {"lines":{"total":3,"covered":3,"skipped":0,"pct":100},"functions":{"total":0,"covered":0,"skipped":0,"pct":100},"statements":{"total":3,"covered":3,"skipped":0,"pct":100},"branches":{"total":0,"covered":0,"skipped":0,"pct":100}}
,"/home/thiago/DRIVEN/MODULOS/MODULO6/PROJETOS/AREA PROJETO 23/versao 2/projeto23-placar-premiado/src/services/participants-services.ts": {"lines":{"total":7,"covered":5,"skipped":0,"pct":71.42},"functions":{"total":2,"covered":1,"skipped":0,"pct":50},"statements":{"total":7,"covered":5,"skipped":0,"pct":71.42},"branches":{"total":0,"covered":0,"skipped":0,"pct":100}}
,"/home/thiago/DRIVEN/MODULOS/MODULO6/PROJETOS/AREA PROJETO 23/versao 2/projeto23-placar-premiado/src/utils/error-list.ts": {"lines":{"total":10,"covered":8,"skipped":0,"pct":80},"functions":{"total":7,"covered":5,"skipped":0,"pct":71.42},"statements":{"total":10,"covered":8,"skipped":0,"pct":80},"branches":{"total":1,"covered":0,"skipped":0,"pct":0}}
,"/home/thiago/DRIVEN/MODULOS/MODULO6/PROJETOS/AREA PROJETO 23/versao 2/projeto23-placar-premiado/src/utils/index.ts": {"lines":{"total":1,"covered":0,"skipped":0,"pct":0},"functions":{"total":0,"covered":0,"skipped":0,"pct":100},"statements":{"total":1,"covered":0,"skipped":0,"pct":0},"branches":{"total":0,"covered":0,"skipped":0,"pct":100}}
,"/home/thiago/DRIVEN/MODULOS/MODULO6/PROJETOS/AREA PROJETO 23/versao 2/projeto23-placar-premiado/tests/helpers.ts": {"lines":{"total":5,"covered":5,"skipped":0,"pct":100},"functions":{"total":2,"covered":2,"skipped":0,"pct":100},"statements":{"total":7,"covered":7,"skipped":0,"pct":100},"branches":{"total":0,"covered":0,"skipped":0,"pct":100}}
,"/home/thiago/DRIVEN/MODULOS/MODULO6/PROJETOS/AREA PROJETO 23/versao 2/projeto23-placar-premiado/tests/factories/bet-factory.ts": {"lines":{"total":13,"covered":13,"skipped":0,"pct":100},"functions":{"total":1,"covered":1,"skipped":0,"pct":100},"statements":{"total":17,"covered":17,"skipped":0,"pct":100},"branches":{"total":5,"covered":5,"skipped":0,"pct":100}}
,"/home/thiago/DRIVEN/MODULOS/MODULO6/PROJETOS/AREA PROJETO 23/versao 2/projeto23-placar-premiado/tests/factories/game-factory.ts": {"lines":{"total":25,"covered":25,"skipped":0,"pct":100},"functions":{"total":6,"covered":6,"skipped":0,"pct":100},"statements":{"total":30,"covered":30,"skipped":0,"pct":100},"branches":{"total":4,"covered":4,"skipped":0,"pct":100}}
,"/home/thiago/DRIVEN/MODULOS/MODULO6/PROJETOS/AREA PROJETO 23/versao 2/projeto23-placar-premiado/tests/factories/index.ts": {"lines":{"total":3,"covered":3,"skipped":0,"pct":100},"functions":{"total":0,"covered":0,"skipped":0,"pct":100},"statements":{"total":3,"covered":3,"skipped":0,"pct":100},"branches":{"total":0,"covered":0,"skipped":0,"pct":100}}
,"/home/thiago/DRIVEN/MODULOS/MODULO6/PROJETOS/AREA PROJETO 23/versao 2/projeto23-placar-premiado/tests/factories/participant-factory.ts": {"lines":{"total":10,"covered":10,"skipped":0,"pct":100},"functions":{"total":2,"covered":2,"skipped":0,"pct":100},"statements":{"total":13,"covered":13,"skipped":0,"pct":100},"branches":{"total":3,"covered":3,"skipped":0,"pct":100}}
}
